<?xml version="1.0" encoding="UTF-8"?>
<!-- Generated by org.testng.reporters.JUnitReportReporter -->
<testsuite hostname="LAPTOP-IVUNC24E" failures="0" tests="1" name="com.inetBanking.testCases.TC_Login_001" time="1.281" errors="0" timestamp="25 Apr 2021 21:24:45 GMT" skipped="0">
  <testcase classname="com.inetBanking.testCases.TC_Login_001" name="loginTest" time="1.281"/>
</testsuite> <!-- com.inetBanking.testCases.TC_Login_001 -->
